Using pre-set license
Built from '2021.3/staging' branch; Version is '2021.3.18f1 (3129e69bc0c7) revision 3221990'; Using compiler version '192829333'; Build Type 'Release'
OS: 'Windows 11  (10.0.22621) 64bit CoreSingleLanguage' Language: 'en' Physical Memory: 16226 MB
BatchMode: 1, IsHumanControllingUs: 0, StartBugReporterOnCrash: 0, Is64bit: 1, IsPro: 1

COMMAND LINE ARGUMENTS:
C:\Program Files\Unity\Hub\Editor\2021.3.18f1\Editor\Unity.exe
-adb2
-batchMode
-noUpm
-name
AssetImportWorker1
-projectPath
C:/Users/Admin/Documents/game/lab/Lab05
-logFile
Logs/AssetImportWorker1.log
-srvPort
52504
Successfully changed project path to: C:/Users/Admin/Documents/game/lab/Lab05
C:/Users/Admin/Documents/game/lab/Lab05
[UnityMemory] Configuration Parameters - Can be set up in boot.config
    "memorysetup-bucket-allocator-granularity=16"
    "memorysetup-bucket-allocator-bucket-count=8"
    "memorysetup-bucket-allocator-block-size=33554432"
    "memorysetup-bucket-allocator-block-count=8"
    "memorysetup-main-allocator-block-size=16777216"
    "memorysetup-thread-allocator-block-size=16777216"
    "memorysetup-gfx-main-allocator-block-size=16777216"
    "memorysetup-gfx-thread-allocator-block-size=16777216"
    "memorysetup-cache-allocator-block-size=4194304"
    "memorysetup-typetree-allocator-block-size=2097152"
    "memorysetup-profiler-bucket-allocator-granularity=16"
    "memorysetup-profiler-bucket-allocator-bucket-count=8"
    "memorysetup-profiler-bucket-allocator-block-size=33554432"
    "memorysetup-profiler-bucket-allocator-block-count=8"
    "memorysetup-profiler-allocator-block-size=16777216"
    "memorysetup-profiler-editor-allocator-block-size=1048576"
    "memorysetup-temp-allocator-size-main=16777216"
    "memorysetup-job-temp-allocator-block-size=2097152"
    "memorysetup-job-temp-allocator-block-size-background=1048576"
    "memorysetup-job-temp-allocator-reduction-small-platforms=262144"
    "memorysetup-temp-allocator-size-background-worker=32768"
    "memorysetup-temp-allocator-size-job-worker=262144"
    "memorysetup-temp-allocator-size-preload-manager=33554432"
    "memorysetup-temp-allocator-size-nav-mesh-worker=65536"
    "memorysetup-temp-allocator-size-audio-worker=65536"
    "memorysetup-temp-allocator-size-cloud-worker=32768"
    "memorysetup-temp-allocator-size-gi-baking-worker=262144"
    "memorysetup-temp-allocator-size-gfx=262144"
Player connection [1780] Host "[IP] 26.59.229.72 [Port] 0 [Flags] 2 [Guid] 2920645447 [EditorId] 2920645447 [Version] 1048832 [Id] WindowsEditor(7,BabyBoiz) [Debug] 1 [PackageName] WindowsEditor [ProjectName] Editor" joined multi-casting on [225.0.0.222:54997]...

Player connection [1780] Host "[IP] 26.59.229.72 [Port] 0 [Flags] 2 [Guid] 2920645447 [EditorId] 2920645447 [Version] 1048832 [Id] WindowsEditor(7,BabyBoiz) [Debug] 1 [PackageName] WindowsEditor [ProjectName] Editor" joined alternative multi-casting on [225.0.0.222:34997]...

Refreshing native plugins compatible for Editor in 93.07 ms, found 3 plugins.
Preloading 0 native plugins for Editor in 0.00 ms.
Initialize engine version: 2021.3.18f1 (3129e69bc0c7)
[Subsystems] Discovering subsystems at path C:/Program Files/Unity/Hub/Editor/2021.3.18f1/Editor/Data/Resources/UnitySubsystems
[Subsystems] Discovering subsystems at path C:/Users/Admin/Documents/game/lab/Lab05/Assets
GfxDevice: creating device client; threaded=0; jobified=0
Direct3D:
    Version:  Direct3D 11.0 [level 11.1]
    Renderer: NVIDIA GeForce GTX 1650 Ti with Max-Q Design (ID=0x1f95)
    Vendor:   NVIDIA
    VRAM:     3949 MB
    Driver:   31.0.15.3129
Initialize mono
Mono path[0] = 'C:/Program Files/Unity/Hub/Editor/2021.3.18f1/Editor/Data/Managed'
Mono path[1] = 'C:/Program Files/Unity/Hub/Editor/2021.3.18f1/Editor/Data/MonoBleedingEdge/lib/mono/unityjit-win32'
Mono config path = 'C:/Program Files/Unity/Hub/Editor/2021.3.18f1/Editor/Data/MonoBleedingEdge/etc'
Using monoOptions --debugger-agent=transport=dt_socket,embedding=1,server=y,suspend=n,address=127.0.0.1:56792
Begin MonoManager ReloadAssembly
Registering precompiled unity dll's ...
Register platform support module: C:/Program Files/Unity/Hub/Editor/2021.3.18f1/Editor/Data/PlaybackEngines/WebGLSupport/UnityEditor.WebGL.Extensions.dll
Register platform support module: C:/Program Files/Unity/Hub/Editor/2021.3.18f1/Editor/Data/PlaybackEngines/WindowsStandaloneSupport/UnityEditor.WindowsStandalone.Extensions.dll
Registered in 0.008778 seconds.
Native extension for WindowsStandalone target not found
Native extension for WebGL target not found
Refreshing native plugins compatible for Editor in 96.07 ms, found 3 plugins.
Preloading 0 native plugins for Editor in 0.00 ms.
Mono: successfully reloaded assembly
- Completed reload, in  0.755 seconds
Domain Reload Profiling:
	ReloadAssembly (755ms)
		BeginReloadAssembly (82ms)
			ExecutionOrderSort (0ms)
			DisableScriptedObjects (0ms)
			BackupInstance (0ms)
			ReleaseScriptingObjects (0ms)
			CreateAndSetChildDomain (1ms)
		EndReloadAssembly (551ms)
			LoadAssemblies (79ms)
			RebuildTransferFunctionScriptingTraits (0ms)
			SetupTypeCache (148ms)
			ReleaseScriptCaches (0ms)
			RebuildScriptCaches (36ms)
			SetupLoadedEditorAssemblies (304ms)
				LogAssemblyErrors (0ms)
				InitializePlatformSupportModulesInManaged (9ms)
				SetLoadedEditorAssemblies (0ms)
				RefreshPlugins (96ms)
				BeforeProcessingInitializeOnLoad (1ms)
				ProcessInitializeOnLoadAttributes (139ms)
				ProcessInitializeOnLoadMethodAttributes (58ms)
				AfterProcessingInitializeOnLoad (0ms)
				EditorAssembliesLoaded (0ms)
			ExecutionOrderSort2 (0ms)
			AwakeInstancesAfterBackupRestoration (0ms)
Platform modules already initialized, skipping
Registering precompiled user dll's ...
Registered in 0.007685 seconds.
Begin MonoManager ReloadAssembly
Symbol file LoadedFromMemory doesn't match image C:\Users\Admin\Documents\game\lab\Lab05\Library\PackageCache\com.unity.visualscripting@1.8.0\Editor\VisualScripting.Core\Dependencies\YamlDotNet\Unity.VisualScripting.YamlDotNet.dll
Symbol file LoadedFromMemory doesn't match image C:\Users\Admin\Documents\game\lab\Lab05\Library\PackageCache\com.unity.visualscripting@1.8.0\Editor\VisualScripting.Core\Dependencies\DotNetZip\Unity.VisualScripting.IonicZip.dll
Native extension for WindowsStandalone target not found
Native extension for WebGL target not found
Refreshing native plugins compatible for Editor in 95.00 ms, found 3 plugins.
Preloading 0 native plugins for Editor in 0.00 ms.
Mono: successfully reloaded assembly
- Completed reload, in  1.386 seconds
Domain Reload Profiling:
	ReloadAssembly (1387ms)
		BeginReloadAssembly (116ms)
			ExecutionOrderSort (0ms)
			DisableScriptedObjects (6ms)
			BackupInstance (0ms)
			ReleaseScriptingObjects (0ms)
			CreateAndSetChildDomain (22ms)
		EndReloadAssembly (1150ms)
			LoadAssemblies (86ms)
			RebuildTransferFunctionScriptingTraits (0ms)
			SetupTypeCache (331ms)
			ReleaseScriptCaches (1ms)
			RebuildScriptCaches (74ms)
			SetupLoadedEditorAssemblies (588ms)
				LogAssemblyErrors (0ms)
				InitializePlatformSupportModulesInManaged (11ms)
				SetLoadedEditorAssemblies (0ms)
				RefreshPlugins (95ms)
				BeforeProcessingInitializeOnLoad (118ms)
				ProcessInitializeOnLoadAttributes (339ms)
				ProcessInitializeOnLoadMethodAttributes (17ms)
				AfterProcessingInitializeOnLoad (7ms)
				EditorAssembliesLoaded (0ms)
			ExecutionOrderSort2 (0ms)
			AwakeInstancesAfterBackupRestoration (11ms)
Platform modules already initialized, skipping
========================================================================
Worker process is ready to serve import requests
Launched and connected shader compiler UnityShaderCompiler.exe after 0.07 seconds
Refreshing native plugins compatible for Editor in 1.09 ms, found 3 plugins.
Preloading 0 native plugins for Editor in 0.00 ms.
Unloading 3328 Unused Serialized files (Serialized files now loaded: 0)
Unloading 48 unused Assets / (1.9 MB). Loaded Objects now: 3803.
Memory consumption went from 142.7 MB to 140.8 MB.
Total: 7.217300 ms (FindLiveObjects: 0.592100 ms CreateObjectMapping: 0.339300 ms MarkObjects: 5.004600 ms  DeleteObjects: 1.279700 ms)

AssetImportParameters requested are different than current active one (requested -> active):
  custom:video-decoder-ogg-theora: a1e56fd34408186e4bbccfd4996cb3dc -> 
  custom:container-muxer-webm: aa71ff27fc2769a1b78a27578f13a17b -> 
  custom:container-demuxer-webm: 4f35f7cbe854078d1ac9338744f61a02 -> 
  custom:video-encoder-webm-vp8: eb34c28f22e8b96e1ab97ce403110664 -> 
  custom:audio-encoder-webm-vorbis: bf7c407c2cedff20999df2af8eb42d56 -> 
  custom:framework-win-MediaFoundation: 216162199b28c13a410421893ffa2e32 -> 
  custom:container-demuxer-ogg: 62fdf1f143b41e24485cea50d1cbac27 -> 
  custom:video-decoder-webm-vp8: 9c59270c3fd7afecdb556c50c9e8de78 -> 
  custom:audio-decoder-ogg-vorbis: bf7c407c2cedff20999df2af8eb42d56 -> 
========================================================================
Received Import Request.
  Time since last request: 77854.758481 seconds.
  path: Assets/Standard Assets/Environment
  artifactKey: Guid(6ca8c4e270f964e0da9f731d7d34b123) Importer(815301076,1909f56bfc062723c751e8b465ee728b)
Start importing Assets/Standard Assets/Environment using Guid(6ca8c4e270f964e0da9f731d7d34b123) Importer(815301076,1909f56bfc062723c751e8b465ee728b)  -> (artifact id: 'fd58c34f6b2c6208615c81e878dfaa43') in 0.025651 seconds 
========================================================================
Received Import Request.
  Time since last request: 1.009397 seconds.
  path: Assets/Standard Assets/Environment/Water/Water4/Prefabs/Water4Simple.prefab
  artifactKey: Guid(843740dbe549a4a6ba9556d1b80001f5) Importer(815301076,1909f56bfc062723c751e8b465ee728b)
Start importing Assets/Standard Assets/Environment/Water/Water4/Prefabs/Water4Simple.prefab using Guid(843740dbe549a4a6ba9556d1b80001f5) Importer(815301076,1909f56bfc062723c751e8b465ee728b)  -> (artifact id: '20c5c9f6ef18ecfdb8bf56a075505154') in 0.139722 seconds 
========================================================================
Received Import Request.
  Time since last request: 2.515114 seconds.
  path: Assets/Standard Assets/Environment/Water/Water4/Textures/SimpleFoam.png
  artifactKey: Guid(36dd0b22da8874ed38075789055ca664) Importer(815301076,1909f56bfc062723c751e8b465ee728b)
Start importing Assets/Standard Assets/Environment/Water/Water4/Textures/SimpleFoam.png using Guid(36dd0b22da8874ed38075789055ca664) Importer(815301076,1909f56bfc062723c751e8b465ee728b)  -> (artifact id: '74afcee6af3262de0a734bbab84d7433') in 0.034950 seconds 
========================================================================
Received Prepare
Registering precompiled user dll's ...
Registered in 0.007196 seconds.
Begin MonoManager ReloadAssembly
Symbol file LoadedFromMemory doesn't match image C:\Users\Admin\Documents\game\lab\Lab05\Library\PackageCache\com.unity.visualscripting@1.8.0\Editor\VisualScripting.Core\Dependencies\YamlDotNet\Unity.VisualScripting.YamlDotNet.dll
Symbol file LoadedFromMemory doesn't match image C:\Users\Admin\Documents\game\lab\Lab05\Library\PackageCache\com.unity.visualscripting@1.8.0\Editor\VisualScripting.Core\Dependencies\DotNetZip\Unity.VisualScripting.IonicZip.dll
Native extension for WindowsStandalone target not found
Native extension for WebGL target not found
Refreshing native plugins compatible for Editor in 1.83 ms, found 3 plugins.
Preloading 0 native plugins for Editor in 0.00 ms.
Mono: successfully reloaded assembly
- Completed reload, in  1.537 seconds
Domain Reload Profiling:
	ReloadAssembly (1538ms)
		BeginReloadAssembly (157ms)
			ExecutionOrderSort (0ms)
			DisableScriptedObjects (6ms)
			BackupInstance (0ms)
			ReleaseScriptingObjects (0ms)
			CreateAndSetChildDomain (41ms)
		EndReloadAssembly (1264ms)
			LoadAssemblies (104ms)
			RebuildTransferFunctionScriptingTraits (0ms)
			SetupTypeCache (419ms)
			ReleaseScriptCaches (2ms)
			RebuildScriptCaches (63ms)
			SetupLoadedEditorAssemblies (599ms)
				LogAssemblyErrors (0ms)
				InitializePlatformSupportModulesInManaged (20ms)
				SetLoadedEditorAssemblies (1ms)
				RefreshPlugins (2ms)
				BeforeProcessingInitializeOnLoad (104ms)
				ProcessInitializeOnLoadAttributes (435ms)
				ProcessInitializeOnLoadMethodAttributes (26ms)
				AfterProcessingInitializeOnLoad (12ms)
				EditorAssembliesLoaded (0ms)
			ExecutionOrderSort2 (0ms)
			AwakeInstancesAfterBackupRestoration (15ms)
Platform modules already initialized, skipping
Refreshing native plugins compatible for Editor in 2.67 ms, found 3 plugins.
Preloading 0 native plugins for Editor in 0.00 ms.
Unloading 3273 Unused Serialized files (Serialized files now loaded: 0)
Unloading 31 unused Assets / (1.9 MB). Loaded Objects now: 3817.
Memory consumption went from 141.8 MB to 139.9 MB.
Total: 5.694900 ms (FindLiveObjects: 0.273500 ms CreateObjectMapping: 0.213700 ms MarkObjects: 4.476300 ms  DeleteObjects: 0.729900 ms)

AssetImportParameters requested are different than current active one (requested -> active):
  custom:video-decoder-ogg-theora: a1e56fd34408186e4bbccfd4996cb3dc -> 
  custom:container-muxer-webm: aa71ff27fc2769a1b78a27578f13a17b -> 
  custom:container-demuxer-webm: 4f35f7cbe854078d1ac9338744f61a02 -> 
  custom:video-encoder-webm-vp8: eb34c28f22e8b96e1ab97ce403110664 -> 
  custom:audio-encoder-webm-vorbis: bf7c407c2cedff20999df2af8eb42d56 -> 
  custom:framework-win-MediaFoundation: 216162199b28c13a410421893ffa2e32 -> 
  custom:container-demuxer-ogg: 62fdf1f143b41e24485cea50d1cbac27 -> 
  custom:video-decoder-webm-vp8: 9c59270c3fd7afecdb556c50c9e8de78 -> 
  custom:audio-decoder-ogg-vorbis: bf7c407c2cedff20999df2af8eb42d56 -> 
========================================================================
Received Import Request.
  Time since last request: 423.459431 seconds.
  path: Assets/Standard Assets/Environment/TerrainAssets/SurfaceTextures/GrassHillAlbedo.psd
  artifactKey: Guid(c6e0767b1f8c34890ac245217f4b9731) Importer(815301076,1909f56bfc062723c751e8b465ee728b)
Start importing Assets/Standard Assets/Environment/TerrainAssets/SurfaceTextures/GrassHillAlbedo.psd using Guid(c6e0767b1f8c34890ac245217f4b9731) Importer(815301076,1909f56bfc062723c751e8b465ee728b)  -> (artifact id: '7c3a84560f1b6cb76046efaae1f60042') in 0.071302 seconds 
========================================================================
Received Import Request.
  Time since last request: 0.000044 seconds.
  path: Assets/Standard Assets/Environment/TerrainAssets/SurfaceTextures/MudRockyNormals.bmp
  artifactKey: Guid(58a059b07b093a745b47c2191525ddce) Importer(815301076,1909f56bfc062723c751e8b465ee728b)
Start importing Assets/Standard Assets/Environment/TerrainAssets/SurfaceTextures/MudRockyNormals.bmp using Guid(58a059b07b093a745b47c2191525ddce) Importer(815301076,1909f56bfc062723c751e8b465ee728b)  -> (artifact id: '43260f1fc903ffac64b8aac6fc8c9ada') in 0.041204 seconds 
========================================================================
Received Import Request.
  Time since last request: 0.000054 seconds.
  path: Assets/Standard Assets/Environment/TerrainAssets/SurfaceTextures/GrassRockyAlbedo.psd
  artifactKey: Guid(440eb36db91ca410f800ff3cfe43572f) Importer(815301076,1909f56bfc062723c751e8b465ee728b)
Start importing Assets/Standard Assets/Environment/TerrainAssets/SurfaceTextures/GrassRockyAlbedo.psd using Guid(440eb36db91ca410f800ff3cfe43572f) Importer(815301076,1909f56bfc062723c751e8b465ee728b)  -> (artifact id: '328b652bf377886cd7c474a006c24efb') in 0.019860 seconds 
========================================================================
Received Import Request.
  Time since last request: 326.487852 seconds.
  path: Assets/NewLayer.terrainlayer
  artifactKey: Guid(5f77f71a5ef9c2d4cadaa57719cbdaa2) Importer(815301076,1909f56bfc062723c751e8b465ee728b)
Start importing Assets/NewLayer.terrainlayer using Guid(5f77f71a5ef9c2d4cadaa57719cbdaa2) Importer(815301076,1909f56bfc062723c751e8b465ee728b)  -> (artifact id: '862f8a03a293339beb7f8f10c68fa0c9') in 0.065288 seconds 
========================================================================
Received Import Request.
  Time since last request: 389.659331 seconds.
  path: Assets/Standard Assets/Environment/SpeedTree/Palm/Palm_Desktop_Atlas.tga
  artifactKey: Guid(03a71764f1184704c9a74acb7490450e) Importer(815301076,1909f56bfc062723c751e8b465ee728b)
Start importing Assets/Standard Assets/Environment/SpeedTree/Palm/Palm_Desktop_Atlas.tga using Guid(03a71764f1184704c9a74acb7490450e) Importer(815301076,1909f56bfc062723c751e8b465ee728b)  -> (artifact id: '8429222f0d4667e2f5e0db9aba2ff611') in 0.022037 seconds 
========================================================================
Received Import Request.
  Time since last request: 0.000036 seconds.
  path: Assets/Standard Assets/Environment/SpeedTree/Palm/Palm_Desktop_Atlas_Billboards.tga
  artifactKey: Guid(a9c35d1eec67849419bd87d162ba90a7) Importer(815301076,1909f56bfc062723c751e8b465ee728b)
Start importing Assets/Standard Assets/Environment/SpeedTree/Palm/Palm_Desktop_Atlas_Billboards.tga using Guid(a9c35d1eec67849419bd87d162ba90a7) Importer(815301076,1909f56bfc062723c751e8b465ee728b)  -> (artifact id: 'ceb9491e3ad9a9400b8fcb5f65c4e9a7') in 0.020821 seconds 
========================================================================
Received Import Request.
  Time since last request: 0.000019 seconds.
  path: Assets/Standard Assets/Environment/SpeedTree/Palm/PalmFrond_Normal.tga
  artifactKey: Guid(c4a7fc95fd5ac3942b8e85ec6c60a1fa) Importer(815301076,1909f56bfc062723c751e8b465ee728b)
Start importing Assets/Standard Assets/Environment/SpeedTree/Palm/PalmFrond_Normal.tga using Guid(c4a7fc95fd5ac3942b8e85ec6c60a1fa) Importer(815301076,1909f56bfc062723c751e8b465ee728b)  -> (artifact id: 'de3ba2ac5d035cccd13d507a7acea319') in 0.015456 seconds 
========================================================================
Received Import Request.
  Time since last request: 0.000028 seconds.
  path: Assets/Standard Assets/Environment/SpeedTree/Palm/PalmFrond.tga
  artifactKey: Guid(b87734d3c84dd1c43bd931282e470145) Importer(815301076,1909f56bfc062723c751e8b465ee728b)
Start importing Assets/Standard Assets/Environment/SpeedTree/Palm/PalmFrond.tga using Guid(b87734d3c84dd1c43bd931282e470145) Importer(815301076,1909f56bfc062723c751e8b465ee728b)  -> (artifact id: '596237f8b89b911371e686f6d2e6ce02') in 0.016214 seconds 
========================================================================
Received Import Request.
  Time since last request: 0.000020 seconds.
  path: Assets/Standard Assets/Environment/SpeedTree/Palm/PalmBark_Detail_Normal.tga
  artifactKey: Guid(bf4c945c1f5a9b74bb15ab0c7f238617) Importer(815301076,1909f56bfc062723c751e8b465ee728b)
Start importing Assets/Standard Assets/Environment/SpeedTree/Palm/PalmBark_Detail_Normal.tga using Guid(bf4c945c1f5a9b74bb15ab0c7f238617) Importer(815301076,1909f56bfc062723c751e8b465ee728b)  -> (artifact id: 'ddca31a99b1219f6c4873a01648908c3') in 0.017860 seconds 
========================================================================
Received Import Request.
  Time since last request: 0.000026 seconds.
  path: Assets/Standard Assets/Environment/SpeedTree/Palm/Thumb_Palm_Desktop.jpg
  artifactKey: Guid(a6e42589b1029ec4d962f422f92e554a) Importer(815301076,1909f56bfc062723c751e8b465ee728b)
Start importing Assets/Standard Assets/Environment/SpeedTree/Palm/Thumb_Palm_Desktop.jpg using Guid(a6e42589b1029ec4d962f422f92e554a) Importer(815301076,1909f56bfc062723c751e8b465ee728b)  -> (artifact id: '83110733e45dcdd3a19ff04b0d533a4c') in 0.022395 seconds 
========================================================================
Received Import Request.
  Time since last request: 0.000021 seconds.
  path: Assets/Standard Assets/Environment/SpeedTree/Palm/PalmFrond_Spec.tga
  artifactKey: Guid(3e27d9cfd3a59af4ebdf7444f6f57620) Importer(815301076,1909f56bfc062723c751e8b465ee728b)
Start importing Assets/Standard Assets/Environment/SpeedTree/Palm/PalmFrond_Spec.tga using Guid(3e27d9cfd3a59af4ebdf7444f6f57620) Importer(815301076,1909f56bfc062723c751e8b465ee728b)  -> (artifact id: 'e09fded13df9a22e9113bb35406fc56e') in 0.022235 seconds 
========================================================================
Received Import Request.
  Time since last request: 0.000053 seconds.
  path: Assets/Standard Assets/Environment/SpeedTree/Palm/Palm_Desktop_Atlas_Normal.tga
  artifactKey: Guid(20c65bc5a7d28f54c9ca69569d77706d) Importer(815301076,1909f56bfc062723c751e8b465ee728b)
Start importing Assets/Standard Assets/Environment/SpeedTree/Palm/Palm_Desktop_Atlas_Normal.tga using Guid(20c65bc5a7d28f54c9ca69569d77706d) Importer(815301076,1909f56bfc062723c751e8b465ee728b)  -> (artifact id: '8dc46824866738ce7c37ce27cef40d3e') in 0.016961 seconds 
========================================================================
Received Import Request.
  Time since last request: 0.000027 seconds.
  path: Assets/Standard Assets/Environment/SpeedTree/Palm/Palm_Desktop_Atlas_Specular.tga
  artifactKey: Guid(6af82a665aaf44c41874a383a4225c48) Importer(815301076,1909f56bfc062723c751e8b465ee728b)
Start importing Assets/Standard Assets/Environment/SpeedTree/Palm/Palm_Desktop_Atlas_Specular.tga using Guid(6af82a665aaf44c41874a383a4225c48) Importer(815301076,1909f56bfc062723c751e8b465ee728b)  -> (artifact id: 'b49fd2570b2d5f1ccb4474bdb45b9349') in 0.015045 seconds 
========================================================================
Received Import Request.
  Time since last request: 0.000045 seconds.
  path: Assets/Standard Assets/Environment/SpeedTree/Palm/PalmBark_Normal.tga
  artifactKey: Guid(f15241bc5a839ea46bf857431081d715) Importer(815301076,1909f56bfc062723c751e8b465ee728b)
Start importing Assets/Standard Assets/Environment/SpeedTree/Palm/PalmBark_Normal.tga using Guid(f15241bc5a839ea46bf857431081d715) Importer(815301076,1909f56bfc062723c751e8b465ee728b)  -> (artifact id: '75a3d855496e32ddd508d5d0e40eb711') in 0.015197 seconds 
========================================================================
Received Import Request.
  Time since last request: 0.000015 seconds.
  path: Assets/Standard Assets/Environment/SpeedTree/Palm/PalmBark_Detail.tga
  artifactKey: Guid(4d6c994b9ad45b847bc67ec5f857fc78) Importer(815301076,1909f56bfc062723c751e8b465ee728b)
Start importing Assets/Standard Assets/Environment/SpeedTree/Palm/PalmBark_Detail.tga using Guid(4d6c994b9ad45b847bc67ec5f857fc78) Importer(815301076,1909f56bfc062723c751e8b465ee728b)  -> (artifact id: 'ae0ac7e36c497fc5a68635318a2bf98d') in 0.013251 seconds 
========================================================================
Received Import Request.
  Time since last request: 0.000029 seconds.
  path: Assets/Standard Assets/Environment/SpeedTree/Palm/Palm_Desktop_Atlas_Billboards_Normal.tga
  artifactKey: Guid(bf8162ab40cfad34cac743bdc2939f99) Importer(815301076,1909f56bfc062723c751e8b465ee728b)
Start importing Assets/Standard Assets/Environment/SpeedTree/Palm/Palm_Desktop_Atlas_Billboards_Normal.tga using Guid(bf8162ab40cfad34cac743bdc2939f99) Importer(815301076,1909f56bfc062723c751e8b465ee728b)  -> (artifact id: '5a88f7da3041dc8cec50233670bd8da2') in 0.022860 seconds 
========================================================================
Received Import Request.
  Time since last request: 0.000063 seconds.
  path: Assets/Standard Assets/Environment/SpeedTree/Palm/PalmBark.tga
  artifactKey: Guid(dd49a2ed5943a014e8d933ff5381281a) Importer(815301076,1909f56bfc062723c751e8b465ee728b)
Start importing Assets/Standard Assets/Environment/SpeedTree/Palm/PalmBark.tga using Guid(dd49a2ed5943a014e8d933ff5381281a) Importer(815301076,1909f56bfc062723c751e8b465ee728b)  -> (artifact id: '5f27cc880ddc673486aedd9179dde972') in 0.017760 seconds 
========================================================================
Received Import Request.
  Time since last request: 15.323360 seconds.
  path: Assets/Standard Assets/Environment/SpeedTree/Conifer/Conifer_Desktop_Atlas.tga
  artifactKey: Guid(ea9799c461d3f6e4eb0be2264829282d) Importer(815301076,1909f56bfc062723c751e8b465ee728b)
Start importing Assets/Standard Assets/Environment/SpeedTree/Conifer/Conifer_Desktop_Atlas.tga using Guid(ea9799c461d3f6e4eb0be2264829282d) Importer(815301076,1909f56bfc062723c751e8b465ee728b)  -> (artifact id: 'd2629d30472bcdc8adc82ce5f3cc5d75') in 0.017009 seconds 
========================================================================
Received Import Request.
  Time since last request: 0.000027 seconds.
  path: Assets/Standard Assets/Environment/SpeedTree/Conifer/ConiferBark_Normal.tga
  artifactKey: Guid(2b46b029d8dc37049aebb484e79998ff) Importer(815301076,1909f56bfc062723c751e8b465ee728b)
Start importing Assets/Standard Assets/Environment/SpeedTree/Conifer/ConiferBark_Normal.tga using Guid(2b46b029d8dc37049aebb484e79998ff) Importer(815301076,1909f56bfc062723c751e8b465ee728b)  -> (artifact id: 'a11e92437380992351d609869b046e07') in 0.016095 seconds 
========================================================================
Received Import Request.
  Time since last request: 0.000018 seconds.
  path: Assets/Standard Assets/Environment/SpeedTree/Conifer/ConiferBark.tga
  artifactKey: Guid(9654cfdd87d7daf429b8931c28d7a93c) Importer(815301076,1909f56bfc062723c751e8b465ee728b)
Start importing Assets/Standard Assets/Environment/SpeedTree/Conifer/ConiferBark.tga using Guid(9654cfdd87d7daf429b8931c28d7a93c) Importer(815301076,1909f56bfc062723c751e8b465ee728b)  -> (artifact id: 'c795117501deb8f04b2aaa021c354728') in 0.016359 seconds 
========================================================================
Received Import Request.
  Time since last request: 0.000048 seconds.
  path: Assets/Standard Assets/Environment/SpeedTree/Conifer/Thumb_Conifer_Desktop.jpg
  artifactKey: Guid(1fbc4e410d66d804aaf31b4c25b16ffc) Importer(815301076,1909f56bfc062723c751e8b465ee728b)
Start importing Assets/Standard Assets/Environment/SpeedTree/Conifer/Thumb_Conifer_Desktop.jpg using Guid(1fbc4e410d66d804aaf31b4c25b16ffc) Importer(815301076,1909f56bfc062723c751e8b465ee728b)  -> (artifact id: '2eb219baa06a8d3f4693891f5f2e9e36') in 0.020907 seconds 
========================================================================
Received Import Request.
  Time since last request: 0.000139 seconds.
  path: Assets/Standard Assets/Environment/SpeedTree/Conifer/Conifer_Desktop_Atlas_Normal.tga
  artifactKey: Guid(855926cb3532dc14c87b1e6d589334b2) Importer(815301076,1909f56bfc062723c751e8b465ee728b)
Start importing Assets/Standard Assets/Environment/SpeedTree/Conifer/Conifer_Desktop_Atlas_Normal.tga using Guid(855926cb3532dc14c87b1e6d589334b2) Importer(815301076,1909f56bfc062723c751e8b465ee728b)  -> (artifact id: '504b3f4cd7551261191c826abf06ab53') in 0.017170 seconds 
========================================================================
Received Import Request.
  Time since last request: 0.000037 seconds.
  path: Assets/Standard Assets/Environment/SpeedTree/Conifer/Conifer_Needles_Dekstop_Spec.tga
  artifactKey: Guid(897461e3c2fa9d84d8bd48bf1b00a950) Importer(815301076,1909f56bfc062723c751e8b465ee728b)
Start importing Assets/Standard Assets/Environment/SpeedTree/Conifer/Conifer_Needles_Dekstop_Spec.tga using Guid(897461e3c2fa9d84d8bd48bf1b00a950) Importer(815301076,1909f56bfc062723c751e8b465ee728b)  -> (artifact id: '72ebe2cb0e265f2f15cecf0d75b77452') in 0.022038 seconds 
========================================================================
Received Import Request.
  Time since last request: 0.000067 seconds.
  path: Assets/Standard Assets/Environment/SpeedTree/Conifer/Conifer_Desktop_Atlas_Specular.tga
  artifactKey: Guid(41232aac50fb25a40b390906295f9aa6) Importer(815301076,1909f56bfc062723c751e8b465ee728b)
Start importing Assets/Standard Assets/Environment/SpeedTree/Conifer/Conifer_Desktop_Atlas_Specular.tga using Guid(41232aac50fb25a40b390906295f9aa6) Importer(815301076,1909f56bfc062723c751e8b465ee728b)  -> (artifact id: '06bfdd03392108a5ac2d5319ee0a81c3') in 0.020858 seconds 
========================================================================
Received Import Request.
  Time since last request: 0.000032 seconds.
  path: Assets/Standard Assets/Environment/SpeedTree/Conifer/Conifer_Needles_Desktop.tga
  artifactKey: Guid(34d2758af9e0a2b4690fbcfcad0285d6) Importer(815301076,1909f56bfc062723c751e8b465ee728b)
Start importing Assets/Standard Assets/Environment/SpeedTree/Conifer/Conifer_Needles_Desktop.tga using Guid(34d2758af9e0a2b4690fbcfcad0285d6) Importer(815301076,1909f56bfc062723c751e8b465ee728b)  -> (artifact id: 'a39e375ada0b42882078b17748bf2e68') in 0.019583 seconds 
========================================================================
Received Import Request.
  Time since last request: 4.426869 seconds.
  path: Assets/Standard Assets/Environment/SpeedTree/Broadleaf/Broadleaf_Desktop_Atlas.tga
  artifactKey: Guid(d20e5329bb2905844a1ae38b80640d3f) Importer(815301076,1909f56bfc062723c751e8b465ee728b)
Start importing Assets/Standard Assets/Environment/SpeedTree/Broadleaf/Broadleaf_Desktop_Atlas.tga using Guid(d20e5329bb2905844a1ae38b80640d3f) Importer(815301076,1909f56bfc062723c751e8b465ee728b)  -> (artifact id: 'bbe1a15990821530d1dbdab01d2509ca') in 0.021659 seconds 
========================================================================
Received Import Request.
  Time since last request: 0.000016 seconds.
  path: Assets/Standard Assets/Environment/SpeedTree/Broadleaf/ClippedFrond.tga
  artifactKey: Guid(f82badc465974aa4cbc424065780aa3d) Importer(815301076,1909f56bfc062723c751e8b465ee728b)
Start importing Assets/Standard Assets/Environment/SpeedTree/Broadleaf/ClippedFrond.tga using Guid(f82badc465974aa4cbc424065780aa3d) Importer(815301076,1909f56bfc062723c751e8b465ee728b)  -> (artifact id: 'b429a76be3ff2ffd40cbca9a36371e73') in 0.015700 seconds 
========================================================================
Received Import Request.
  Time since last request: 0.000028 seconds.
  path: Assets/Standard Assets/Environment/SpeedTree/Broadleaf/Broadleaves_Card_Desktop_Spec.tga
  artifactKey: Guid(6308da3d0ff986b42be3b0a6ea5b6fae) Importer(815301076,1909f56bfc062723c751e8b465ee728b)
Start importing Assets/Standard Assets/Environment/SpeedTree/Broadleaf/Broadleaves_Card_Desktop_Spec.tga using Guid(6308da3d0ff986b42be3b0a6ea5b6fae) Importer(815301076,1909f56bfc062723c751e8b465ee728b)  -> (artifact id: '02298fff8e482f6e507ffc7872688587') in 0.020333 seconds 
========================================================================
Received Import Request.
  Time since last request: 0.000069 seconds.
  path: Assets/Standard Assets/Environment/SpeedTree/Broadleaf/Broadleaves_Desktop.tga
  artifactKey: Guid(306f8f570579fb3448d141a63029ef94) Importer(815301076,1909f56bfc062723c751e8b465ee728b)
Start importing Assets/Standard Assets/Environment/SpeedTree/Broadleaf/Broadleaves_Desktop.tga using Guid(306f8f570579fb3448d141a63029ef94) Importer(815301076,1909f56bfc062723c751e8b465ee728b)  -> (artifact id: 'a12d747a8fd9ed5fe561573762de4e09') in 0.020452 seconds 
========================================================================
Received Import Request.
  Time since last request: 0.000044 seconds.
  path: Assets/Standard Assets/Environment/SpeedTree/Broadleaf/Cap_02_Normal.tga
  artifactKey: Guid(371fa5d370f67534696194100d17bfad) Importer(815301076,1909f56bfc062723c751e8b465ee728b)
Start importing Assets/Standard Assets/Environment/SpeedTree/Broadleaf/Cap_02_Normal.tga using Guid(371fa5d370f67534696194100d17bfad) Importer(815301076,1909f56bfc062723c751e8b465ee728b)  -> (artifact id: '672a2e995a4c820ac086ddcf9520c057') in 0.024181 seconds 
========================================================================
Received Import Request.
  Time since last request: 0.000028 seconds.
  path: Assets/Standard Assets/Environment/SpeedTree/Broadleaf/Cap_01_Normal.tga
  artifactKey: Guid(55e2334423fefa34fb4916f6780413d3) Importer(815301076,1909f56bfc062723c751e8b465ee728b)
Start importing Assets/Standard Assets/Environment/SpeedTree/Broadleaf/Cap_01_Normal.tga using Guid(55e2334423fefa34fb4916f6780413d3) Importer(815301076,1909f56bfc062723c751e8b465ee728b)  -> (artifact id: '2e0d25b42ae57401bb7bc44c56f0354f') in 0.023900 seconds 
========================================================================
Received Import Request.
  Time since last request: 0.000033 seconds.
  path: Assets/Standard Assets/Environment/SpeedTree/Broadleaf/Broadleaf_Mobile_Atlas_Specular.tga
  artifactKey: Guid(45cab4c9b31009748999eec1556926b3) Importer(815301076,1909f56bfc062723c751e8b465ee728b)
Start importing Assets/Standard Assets/Environment/SpeedTree/Broadleaf/Broadleaf_Mobile_Atlas_Specular.tga using Guid(45cab4c9b31009748999eec1556926b3) Importer(815301076,1909f56bfc062723c751e8b465ee728b)  -> (artifact id: '648ba62a442ca24dad280cd84a49caf5') in 0.016464 seconds 
========================================================================
Received Import Request.
  Time since last request: 0.000033 seconds.
  path: Assets/Standard Assets/Environment/SpeedTree/Broadleaf/Broadleaf_Desktop_Atlas_Specular.tga
  artifactKey: Guid(d954891cb9e58434d86e01d839ed4997) Importer(815301076,1909f56bfc062723c751e8b465ee728b)
Start importing Assets/Standard Assets/Environment/SpeedTree/Broadleaf/Broadleaf_Desktop_Atlas_Specular.tga using Guid(d954891cb9e58434d86e01d839ed4997) Importer(815301076,1909f56bfc062723c751e8b465ee728b)  -> (artifact id: 'ae50f761f43ef7b338c1e0c76079f49f') in 0.020946 seconds 
========================================================================
Received Import Request.
  Time since last request: 0.000027 seconds.
  path: Assets/Standard Assets/Environment/SpeedTree/Broadleaf/Broadleaf_Desktop_Atlas_Normal.tga
  artifactKey: Guid(b552931caa1b3ea418b9ba90cbd1333e) Importer(815301076,1909f56bfc062723c751e8b465ee728b)
Start importing Assets/Standard Assets/Environment/SpeedTree/Broadleaf/Broadleaf_Desktop_Atlas_Normal.tga using Guid(b552931caa1b3ea418b9ba90cbd1333e) Importer(815301076,1909f56bfc062723c751e8b465ee728b)  -> (artifact id: '70ea880feb6eb46256357a607a70f579') in 0.022866 seconds 
========================================================================
Received Import Request.
  Time since last request: 0.000038 seconds.
  path: Assets/Standard Assets/Environment/SpeedTree/Broadleaf/Broadleaves_Mobile_Spec.tga
  artifactKey: Guid(db2f1c62933fa1745a9eb8479b15698b) Importer(815301076,1909f56bfc062723c751e8b465ee728b)
Start importing Assets/Standard Assets/Environment/SpeedTree/Broadleaf/Broadleaves_Mobile_Spec.tga using Guid(db2f1c62933fa1745a9eb8479b15698b) Importer(815301076,1909f56bfc062723c751e8b465ee728b)  -> (artifact id: 'ed1f1e7f163a8dadc064573c76b44c46') in 0.018373 seconds 
========================================================================
Received Import Request.
  Time since last request: 0.000023 seconds.
  path: Assets/Standard Assets/Environment/SpeedTree/Broadleaf/Broadleaf_Mobile_Atlas_Normal.tga
  artifactKey: Guid(be053ea3235ccb64a889bf0b15c2764b) Importer(815301076,1909f56bfc062723c751e8b465ee728b)
Start importing Assets/Standard Assets/Environment/SpeedTree/Broadleaf/Broadleaf_Mobile_Atlas_Normal.tga using Guid(be053ea3235ccb64a889bf0b15c2764b) Importer(815301076,1909f56bfc062723c751e8b465ee728b)  -> (artifact id: 'a2632cbffd5be5c2274c11283fc8d60d') in 0.026233 seconds 
========================================================================
Received Import Request.
  Time since last request: 0.000021 seconds.
  path: Assets/Standard Assets/Environment/SpeedTree/Broadleaf/BroadleafBark_Normal.tga
  artifactKey: Guid(34f07406286974e4ca236867d8d58b51) Importer(815301076,1909f56bfc062723c751e8b465ee728b)
Start importing Assets/Standard Assets/Environment/SpeedTree/Broadleaf/BroadleafBark_Normal.tga using Guid(34f07406286974e4ca236867d8d58b51) Importer(815301076,1909f56bfc062723c751e8b465ee728b)  -> (artifact id: '6015e9b8dd62fe43347b2848aa19ede4') in 0.019192 seconds 
========================================================================
Received Import Request.
  Time since last request: 0.000028 seconds.
  path: Assets/Standard Assets/Environment/SpeedTree/Broadleaf/Broadleaves_Desktop_Spec.tga
  artifactKey: Guid(30586af2d47849140b2d533bb6f75eaa) Importer(815301076,1909f56bfc062723c751e8b465ee728b)
Start importing Assets/Standard Assets/Environment/SpeedTree/Broadleaf/Broadleaves_Desktop_Spec.tga using Guid(30586af2d47849140b2d533bb6f75eaa) Importer(815301076,1909f56bfc062723c751e8b465ee728b)  -> (artifact id: 'a5ee91c06d20ad41828d3d1178186434') in 0.025936 seconds 
========================================================================
Received Import Request.
  Time since last request: 0.000028 seconds.
  path: Assets/Standard Assets/Environment/SpeedTree/Broadleaf/Broadleaves_Desktop_Normal.tga
  artifactKey: Guid(e7b2d3eeb0a4d694792c93a8ab87e4a4) Importer(815301076,1909f56bfc062723c751e8b465ee728b)
Start importing Assets/Standard Assets/Environment/SpeedTree/Broadleaf/Broadleaves_Desktop_Normal.tga using Guid(e7b2d3eeb0a4d694792c93a8ab87e4a4) Importer(815301076,1909f56bfc062723c751e8b465ee728b)  -> (artifact id: 'b2ceed7623fb9a204d5d54468b2831c1') in 0.029162 seconds 
========================================================================
Received Import Request.
  Time since last request: 189.136007 seconds.
  path: Assets/Standard Assets/Environment/SpeedTree/Conifer/Conifer_Desktop.spm
  artifactKey: Guid(469edab27ab6d004d84af2c4a851bd7f) Importer(815301076,1909f56bfc062723c751e8b465ee728b)
Start importing Assets/Standard Assets/Environment/SpeedTree/Conifer/Conifer_Desktop.spm using Guid(469edab27ab6d004d84af2c4a851bd7f) Importer(815301076,1909f56bfc062723c751e8b465ee728b)  -> (artifact id: 'd2a41942231408f111787db93bc06ad4') in 2.387713 seconds 
========================================================================
Received Import Request.
  Time since last request: 2776.266877 seconds.
  path: Assets/Standard Assets/Environment/TerrainAssets/BillboardTextures/GrassFrond01AlbedoAlpha.psd
  artifactKey: Guid(2c528fec5d95e4ac28cf46399b887662) Importer(815301076,1909f56bfc062723c751e8b465ee728b)
Start importing Assets/Standard Assets/Environment/TerrainAssets/BillboardTextures/GrassFrond01AlbedoAlpha.psd using Guid(2c528fec5d95e4ac28cf46399b887662) Importer(815301076,1909f56bfc062723c751e8b465ee728b)  -> (artifact id: '8439af1747cab2fc0fbf4c688c53d8f8') in 0.047758 seconds 
========================================================================
Received Import Request.
  Time since last request: 687.476711 seconds.
  path: Assets/Standard Assets/Effects/GlassRefraction
  artifactKey: Guid(3c788335fe2df44ca9bbf95bc580ce4d) Importer(815301076,1909f56bfc062723c751e8b465ee728b)
Start importing Assets/Standard Assets/Effects/GlassRefraction using Guid(3c788335fe2df44ca9bbf95bc580ce4d) Importer(815301076,1909f56bfc062723c751e8b465ee728b)  -> (artifact id: 'ac972e99475d86a8b0d515457692f628') in 0.028102 seconds 
========================================================================
Received Import Request.
  Time since last request: 6.353321 seconds.
  path: Assets/Standard Assets/Effects/GlassRefraction/Textures/GlassStainedAlbedo.tif
  artifactKey: Guid(19555d7d9d114c7f1100f5ab44295342) Importer(815301076,1909f56bfc062723c751e8b465ee728b)
Start importing Assets/Standard Assets/Effects/GlassRefraction/Textures/GlassStainedAlbedo.tif using Guid(19555d7d9d114c7f1100f5ab44295342) Importer(815301076,1909f56bfc062723c751e8b465ee728b)  -> (artifact id: 'f9ba3d533ced242c487a5d2a02af9cae') in 0.045925 seconds 
========================================================================
Received Import Request.
  Time since last request: 0.835927 seconds.
  path: Assets/Standard Assets/Effects/GlassRefraction/Materials/GlassRefractive.mat
  artifactKey: Guid(848918a99d11f25f110026ca44295342) Importer(815301076,1909f56bfc062723c751e8b465ee728b)
Start importing Assets/Standard Assets/Effects/GlassRefraction/Materials/GlassRefractive.mat using Guid(848918a99d11f25f110026ca44295342) Importer(815301076,1909f56bfc062723c751e8b465ee728b)  -> (artifact id: '12e83a4506c983c3688055387176a5fa') in 0.117821 seconds 
========================================================================
Received Import Request.
  Time since last request: 4.705688 seconds.
  path: Assets/Standard Assets/Effects/TessellationShaders/Textures/CliffHeight.png
  artifactKey: Guid(17da6d53ec93a0444bd0f751b1d02477) Importer(815301076,1909f56bfc062723c751e8b465ee728b)
Start importing Assets/Standard Assets/Effects/TessellationShaders/Textures/CliffHeight.png using Guid(17da6d53ec93a0444bd0f751b1d02477) Importer(815301076,1909f56bfc062723c751e8b465ee728b)  -> (artifact id: '58ae251301528135ffd66a2552550672') in 0.022406 seconds 
========================================================================
Received Prepare
Registering precompiled user dll's ...
Registered in 0.013173 seconds.
Begin MonoManager ReloadAssembly
Symbol file LoadedFromMemory doesn't match image C:\Users\Admin\Documents\game\lab\Lab05\Library\PackageCache\com.unity.visualscripting@1.8.0\Editor\VisualScripting.Core\Dependencies\YamlDotNet\Unity.VisualScripting.YamlDotNet.dll
Symbol file LoadedFromMemory doesn't match image C:\Users\Admin\Documents\game\lab\Lab05\Library\PackageCache\com.unity.visualscripting@1.8.0\Editor\VisualScripting.Core\Dependencies\DotNetZip\Unity.VisualScripting.IonicZip.dll
Native extension for WindowsStandalone target not found
Native extension for WebGL target not found
Refreshing native plugins compatible for Editor in 1.62 ms, found 3 plugins.
Preloading 0 native plugins for Editor in 0.00 ms.
Mono: successfully reloaded assembly
- Completed reload, in  2.734 seconds
Domain Reload Profiling:
	ReloadAssembly (2736ms)
		BeginReloadAssembly (636ms)
			ExecutionOrderSort (0ms)
			DisableScriptedObjects (18ms)
			BackupInstance (0ms)
			ReleaseScriptingObjects (0ms)
			CreateAndSetChildDomain (299ms)
		EndReloadAssembly (1813ms)
			LoadAssemblies (283ms)
			RebuildTransferFunctionScriptingTraits (0ms)
			SetupTypeCache (593ms)
			ReleaseScriptCaches (3ms)
			RebuildScriptCaches (80ms)
			SetupLoadedEditorAssemblies (850ms)
				LogAssemblyErrors (0ms)
				InitializePlatformSupportModulesInManaged (26ms)
				SetLoadedEditorAssemblies (2ms)
				RefreshPlugins (2ms)
				BeforeProcessingInitializeOnLoad (164ms)
				ProcessInitializeOnLoadAttributes (609ms)
				ProcessInitializeOnLoadMethodAttributes (35ms)
				AfterProcessingInitializeOnLoad (13ms)
				EditorAssembliesLoaded (0ms)
			ExecutionOrderSort2 (0ms)
			AwakeInstancesAfterBackupRestoration (16ms)
Platform modules already initialized, skipping
Refreshing native plugins compatible for Editor in 2.72 ms, found 3 plugins.
Preloading 0 native plugins for Editor in 0.00 ms.
Unloading 3273 Unused Serialized files (Serialized files now loaded: 0)
Unloading 32 unused Assets / (1.9 MB). Loaded Objects now: 3867.
Memory consumption went from 147.1 MB to 145.2 MB.
Total: 6.861600 ms (FindLiveObjects: 0.437200 ms CreateObjectMapping: 0.290600 ms MarkObjects: 5.274200 ms  DeleteObjects: 0.857900 ms)

AssetImportParameters requested are different than current active one (requested -> active):
  custom:video-decoder-ogg-theora: a1e56fd34408186e4bbccfd4996cb3dc -> 
  custom:container-muxer-webm: aa71ff27fc2769a1b78a27578f13a17b -> 
  custom:container-demuxer-webm: 4f35f7cbe854078d1ac9338744f61a02 -> 
  custom:video-encoder-webm-vp8: eb34c28f22e8b96e1ab97ce403110664 -> 
  custom:audio-encoder-webm-vorbis: bf7c407c2cedff20999df2af8eb42d56 -> 
  custom:framework-win-MediaFoundation: 216162199b28c13a410421893ffa2e32 -> 
  custom:container-demuxer-ogg: 62fdf1f143b41e24485cea50d1cbac27 -> 
  custom:video-decoder-webm-vp8: 9c59270c3fd7afecdb556c50c9e8de78 -> 
  custom:audio-decoder-ogg-vorbis: bf7c407c2cedff20999df2af8eb42d56 -> 
========================================================================
Received Import Request.
  Time since last request: 271.986434 seconds.
  path: Assets/Standard Assets/Editor/CrossPlatformInput
  artifactKey: Guid(696c0e7b8c74e1442acbf15c2df9e72d) Importer(815301076,1909f56bfc062723c751e8b465ee728b)
Start importing Assets/Standard Assets/Editor/CrossPlatformInput using Guid(696c0e7b8c74e1442acbf15c2df9e72d) Importer(815301076,1909f56bfc062723c751e8b465ee728b)  -> (artifact id: '26c16655d3a4e24092bf29832a33ab71') in 0.014708 seconds 
========================================================================
Received Import Request.
  Time since last request: 9.287707 seconds.
  path: Assets/Standard Assets/Prototyping/Models
  artifactKey: Guid(244e48ea2b590df4eb7841878685db1e) Importer(815301076,1909f56bfc062723c751e8b465ee728b)
Start importing Assets/Standard Assets/Prototyping/Models using Guid(244e48ea2b590df4eb7841878685db1e) Importer(815301076,1909f56bfc062723c751e8b465ee728b)  -> (artifact id: '1fedd3528af5dff93d6cafb36718bdb7') in 0.007712 seconds 
========================================================================
Received Import Request.
  Time since last request: 0.370510 seconds.
  path: Assets/Standard Assets/Prototyping/Models/BlockPrototype04x04x04.fbx
  artifactKey: Guid(622a87b3379022740be7e2efea3ebd33) Importer(815301076,1909f56bfc062723c751e8b465ee728b)
Start importing Assets/Standard Assets/Prototyping/Models/BlockPrototype04x04x04.fbx using Guid(622a87b3379022740be7e2efea3ebd33) Importer(815301076,1909f56bfc062723c751e8b465ee728b)  -> (artifact id: '23a0cc58a23d7bce8e8703e84c2de0e2') in 0.504046 seconds 
========================================================================
Received Import Request.
  Time since last request: 0.000033 seconds.
  path: Assets/Standard Assets/Prototyping/Models/PlatformPrototype08x01x08.fbx
  artifactKey: Guid(879dd62cbfd65314d812354e257fc5cc) Importer(815301076,1909f56bfc062723c751e8b465ee728b)
Start importing Assets/Standard Assets/Prototyping/Models/PlatformPrototype08x01x08.fbx using Guid(879dd62cbfd65314d812354e257fc5cc) Importer(815301076,1909f56bfc062723c751e8b465ee728b)  -> (artifact id: '802b993e6870ae618b5f6e3eda45d824') in 0.029695 seconds 
========================================================================
Received Import Request.
  Time since last request: 0.000030 seconds.
  path: Assets/Standard Assets/Prototyping/Models/WallPrototype08x08x01.fbx
  artifactKey: Guid(b5290684820a94548bedb95083785116) Importer(815301076,1909f56bfc062723c751e8b465ee728b)
Start importing Assets/Standard Assets/Prototyping/Models/WallPrototype08x08x01.fbx using Guid(b5290684820a94548bedb95083785116) Importer(815301076,1909f56bfc062723c751e8b465ee728b)  -> (artifact id: '2ad1082bf18d2651f9930facdd529f79') in 0.033905 seconds 
========================================================================
Received Import Request.
  Time since last request: 0.000022 seconds.
  path: Assets/Standard Assets/Prototyping/Models/PillarPrototype02x08x02.fbx
  artifactKey: Guid(66a13889798137c498eae4b3acdafe19) Importer(815301076,1909f56bfc062723c751e8b465ee728b)
Start importing Assets/Standard Assets/Prototyping/Models/PillarPrototype02x08x02.fbx using Guid(66a13889798137c498eae4b3acdafe19) Importer(815301076,1909f56bfc062723c751e8b465ee728b)  -> (artifact id: 'e7e6b49c857660c460cb8db20f295cda') in 0.028657 seconds 
========================================================================
Received Import Request.
  Time since last request: 0.000037 seconds.
  path: Assets/Standard Assets/Prototyping/Models/JoinMidPrototype04x06x01.fbx
  artifactKey: Guid(40384240c1c82b94db82531689571ab0) Importer(815301076,1909f56bfc062723c751e8b465ee728b)
Start importing Assets/Standard Assets/Prototyping/Models/JoinMidPrototype04x06x01.fbx using Guid(40384240c1c82b94db82531689571ab0) Importer(815301076,1909f56bfc062723c751e8b465ee728b)  -> (artifact id: '884251756b0dd6a5373b9b1410e23125') in 0.030816 seconds 
========================================================================
Received Import Request.
  Time since last request: 0.000020 seconds.
  path: Assets/Standard Assets/Prototyping/Models/JoinInnerPrototype01x06x01.fbx
  artifactKey: Guid(f45b6695d6226cd48abfc605723cc3ae) Importer(815301076,1909f56bfc062723c751e8b465ee728b)
Start importing Assets/Standard Assets/Prototyping/Models/JoinInnerPrototype01x06x01.fbx using Guid(f45b6695d6226cd48abfc605723cc3ae) Importer(815301076,1909f56bfc062723c751e8b465ee728b)  -> (artifact id: 'c53ef84c95e4b86857e5a3c2c117c6be') in 0.023733 seconds 
========================================================================
Received Import Request.
  Time since last request: 0.000018 seconds.
  path: Assets/Standard Assets/Prototyping/Models/FloorPrototype08x01x08.fbx
  artifactKey: Guid(16fb769c0394c36469ed40a4f35c1eec) Importer(815301076,1909f56bfc062723c751e8b465ee728b)
Start importing Assets/Standard Assets/Prototyping/Models/FloorPrototype08x01x08.fbx using Guid(16fb769c0394c36469ed40a4f35c1eec) Importer(815301076,1909f56bfc062723c751e8b465ee728b)  -> (artifact id: '9548994239b2ae5e98d46d85fba7a576') in 0.043638 seconds 
========================================================================
Received Import Request.
  Time since last request: 0.000018 seconds.
  path: Assets/Standard Assets/Prototyping/Models/PillarPrototype01x02x01.fbx
  artifactKey: Guid(25712b9d3dd0eb4439390fb8fea8043e) Importer(815301076,1909f56bfc062723c751e8b465ee728b)
Start importing Assets/Standard Assets/Prototyping/Models/PillarPrototype01x02x01.fbx using Guid(25712b9d3dd0eb4439390fb8fea8043e) Importer(815301076,1909f56bfc062723c751e8b465ee728b)  -> (artifact id: '28fc6d077d0d7088110bf37d5928eea5') in 0.025499 seconds 
========================================================================
Received Import Request.
  Time since last request: 0.000033 seconds.
  path: Assets/Standard Assets/Prototyping/Models/PlatformPrototype04x01x04.fbx
  artifactKey: Guid(bc2ed85df3924a4458576f17e8b10057) Importer(815301076,1909f56bfc062723c751e8b465ee728b)
Start importing Assets/Standard Assets/Prototyping/Models/PlatformPrototype04x01x04.fbx using Guid(bc2ed85df3924a4458576f17e8b10057) Importer(815301076,1909f56bfc062723c751e8b465ee728b)  -> (artifact id: '44d98a4c44df615019c24b05c33a8e1e') in 0.030107 seconds 
========================================================================
Received Import Request.
  Time since last request: 0.000036 seconds.
  path: Assets/Standard Assets/Prototyping/Models/FloorPrototype04x01x04.fbx
  artifactKey: Guid(080bc076ed19adb4091adca05de83d66) Importer(815301076,1909f56bfc062723c751e8b465ee728b)
Start importing Assets/Standard Assets/Prototyping/Models/FloorPrototype04x01x04.fbx using Guid(080bc076ed19adb4091adca05de83d66) Importer(815301076,1909f56bfc062723c751e8b465ee728b)  -> (artifact id: '14806f88a46df17091daa44d207987cf') in 0.055814 seconds 
========================================================================
Received Import Request.
  Time since last request: 2.970012 seconds.
  path: Assets/Standard Assets/Utility/Prefabs
  artifactKey: Guid(b43a4ef15621158419a2b639f7a98245) Importer(815301076,1909f56bfc062723c751e8b465ee728b)
Start importing Assets/Standard Assets/Utility/Prefabs using Guid(b43a4ef15621158419a2b639f7a98245) Importer(815301076,1909f56bfc062723c751e8b465ee728b)  -> (artifact id: '4be9033314f14d53042955ef6781ff94') in 0.025927 seconds 
========================================================================
Received Import Request.
  Time since last request: 0.034085 seconds.
  path: Assets/Standard Assets/Utility/Prefabs/FramerateCounter.prefab
  artifactKey: Guid(81154777d5417884981849c5243f6c01) Importer(815301076,1909f56bfc062723c751e8b465ee728b)
Start importing Assets/Standard Assets/Utility/Prefabs/FramerateCounter.prefab using Guid(81154777d5417884981849c5243f6c01) Importer(815301076,1909f56bfc062723c751e8b465ee728b)  -> (artifact id: 'a75b82d00dc4fb769beb929e11b3c809') in 0.015848 seconds 
========================================================================
Received Import Request.
  Time since last request: 5.130864 seconds.
  path: Assets/Standard Assets/Fonts/OpenSans/OpenSansLight.ttf
  artifactKey: Guid(04a842e316b6f44bf8da702de26a8ed6) Importer(815301076,1909f56bfc062723c751e8b465ee728b)
Start importing Assets/Standard Assets/Fonts/OpenSans/OpenSansLight.ttf using Guid(04a842e316b6f44bf8da702de26a8ed6) Importer(815301076,1909f56bfc062723c751e8b465ee728b)  -> (artifact id: 'c2b5ad8160c6709651f30ae8bbf8d73f') in 0.074058 seconds 
========================================================================
Received Import Request.
  Time since last request: 0.000019 seconds.
  path: Assets/Standard Assets/Fonts/OpenSans/OpenSansSemibold.ttf
  artifactKey: Guid(01cd679a1b9ee48bf9c546f6ce2cb97e) Importer(815301076,1909f56bfc062723c751e8b465ee728b)
Start importing Assets/Standard Assets/Fonts/OpenSans/OpenSansSemibold.ttf using Guid(01cd679a1b9ee48bf9c546f6ce2cb97e) Importer(815301076,1909f56bfc062723c751e8b465ee728b)  -> (artifact id: '711076c21e876456c9e62618196b4c4e') in 0.024689 seconds 
========================================================================
Received Import Request.
  Time since last request: 6.667150 seconds.
  path: Assets/Standard Assets/ParticleSystems/Materials/ParticleDuststorm.mat
  artifactKey: Guid(7911795df27dd464190eed77dda90191) Importer(815301076,1909f56bfc062723c751e8b465ee728b)
Start importing Assets/Standard Assets/ParticleSystems/Materials/ParticleDuststorm.mat using Guid(7911795df27dd464190eed77dda90191) Importer(815301076,1909f56bfc062723c751e8b465ee728b)  -> (artifact id: 'b1a50df3e6bc2519af4797b472005542') in 0.060661 seconds 
========================================================================
Received Import Request.
  Time since last request: 0.000021 seconds.
  path: Assets/Standard Assets/ParticleSystems/Materials/ParticleSmokeMobile.mat
  artifactKey: Guid(473d6d3ec0d161b4a85e466c8c6da3fb) Importer(815301076,1909f56bfc062723c751e8b465ee728b)
Start importing Assets/Standard Assets/ParticleSystems/Materials/ParticleSmokeMobile.mat using Guid(473d6d3ec0d161b4a85e466c8c6da3fb) Importer(815301076,1909f56bfc062723c751e8b465ee728b)  -> (artifact id: '8540ed53d9485eefd87bbcc20bc48249') in 0.061520 seconds 
========================================================================
Received Import Request.
  Time since last request: 0.000037 seconds.
  path: Assets/Standard Assets/ParticleSystems/Materials/ParticleSteamMobile.mat
  artifactKey: Guid(ed1b89d39279f564ea077ad8e46f3595) Importer(815301076,1909f56bfc062723c751e8b465ee728b)
Start importing Assets/Standard Assets/ParticleSystems/Materials/ParticleSteamMobile.mat using Guid(ed1b89d39279f564ea077ad8e46f3595) Importer(815301076,1909f56bfc062723c751e8b465ee728b)  -> (artifact id: '0e9b5c0681eb98905ad6363fb96d1623') in 0.031512 seconds 
========================================================================
Received Import Request.
  Time since last request: 0.000019 seconds.
  path: Assets/Standard Assets/ParticleSystems/Materials/ParticleGlow.mat
  artifactKey: Guid(c10b1630d5621ec48a17223c3c102023) Importer(815301076,1909f56bfc062723c751e8b465ee728b)
Start importing Assets/Standard Assets/ParticleSystems/Materials/ParticleGlow.mat using Guid(c10b1630d5621ec48a17223c3c102023) Importer(815301076,1909f56bfc062723c751e8b465ee728b)  -> (artifact id: '07c318390594a7dff6621759d8b538c0') in 0.023380 seconds 
========================================================================
Received Import Request.
  Time since last request: 0.000027 seconds.
  path: Assets/Standard Assets/ParticleSystems/Materials/ParticleFirecloud.mat
  artifactKey: Guid(77d08210df254d845885518314593544) Importer(815301076,1909f56bfc062723c751e8b465ee728b)
Start importing Assets/Standard Assets/ParticleSystems/Materials/ParticleFirecloud.mat using Guid(77d08210df254d845885518314593544) Importer(815301076,1909f56bfc062723c751e8b465ee728b)  -> (artifact id: '427b0cbfd77163eeb75d52087664fae2') in 0.080267 seconds 
========================================================================
Received Import Request.
  Time since last request: 0.000036 seconds.
  path: Assets/Standard Assets/ParticleSystems/Materials/ParticleSpark.mat
  artifactKey: Guid(f63c576739a709747a1a571260d4fabd) Importer(815301076,1909f56bfc062723c751e8b465ee728b)
Start importing Assets/Standard Assets/ParticleSystems/Materials/ParticleSpark.mat using Guid(f63c576739a709747a1a571260d4fabd) Importer(815301076,1909f56bfc062723c751e8b465ee728b)  -> (artifact id: '9658d6123316cc87e50c161fd6acf217') in 0.017860 seconds 
========================================================================
Received Import Request.
  Time since last request: 0.392202 seconds.
  path: Assets/Standard Assets/ParticleSystems/Prefabs/DustStorm.prefab
  artifactKey: Guid(1f7aa4d40edff6e48b549003cad031e1) Importer(815301076,1909f56bfc062723c751e8b465ee728b)
Start importing Assets/Standard Assets/ParticleSystems/Prefabs/DustStorm.prefab using Guid(1f7aa4d40edff6e48b549003cad031e1) Importer(815301076,1909f56bfc062723c751e8b465ee728b)  -> (artifact id: '2a55a1255b53984e84b7649f3740e574') in 0.021978 seconds 
========================================================================
Received Import Request.
  Time since last request: 0.000019 seconds.
  path: Assets/Standard Assets/ParticleSystems/Prefabs/FlareMobile.prefab
  artifactKey: Guid(ccbcfc705a39717429590a9f247ec30a) Importer(815301076,1909f56bfc062723c751e8b465ee728b)
Start importing Assets/Standard Assets/ParticleSystems/Prefabs/FlareMobile.prefab using Guid(ccbcfc705a39717429590a9f247ec30a) Importer(815301076,1909f56bfc062723c751e8b465ee728b)  -> (artifact id: '35edd4da1dafda27ec4c5d59cd901a6f') in 0.029145 seconds 
========================================================================
Received Import Request.
  Time since last request: 0.000030 seconds.
  path: Assets/Standard Assets/ParticleSystems/Prefabs/WildFire.prefab
  artifactKey: Guid(2c32987c2bc01844a94adfb917dd677d) Importer(815301076,1909f56bfc062723c751e8b465ee728b)
Start importing Assets/Standard Assets/ParticleSystems/Prefabs/WildFire.prefab using Guid(2c32987c2bc01844a94adfb917dd677d) Importer(815301076,1909f56bfc062723c751e8b465ee728b)  -> (artifact id: '2ed172499676140d5d27147457e46f80') in 0.066486 seconds 
========================================================================
Received Import Request.
  Time since last request: 0.000950 seconds.
  path: Assets/Standard Assets/ParticleSystems/Prefabs/Flare.prefab
  artifactKey: Guid(0438351a6e6422d43a09930e9be00ee9) Importer(815301076,1909f56bfc062723c751e8b465ee728b)
Start importing Assets/Standard Assets/ParticleSystems/Prefabs/Flare.prefab using Guid(0438351a6e6422d43a09930e9be00ee9) Importer(815301076,1909f56bfc062723c751e8b465ee728b)  -> (artifact id: 'f3be3cff896ab8ddb20de0a2b8a4cd86') in 0.036761 seconds 
========================================================================
Received Import Request.
  Time since last request: 0.000025 seconds.
  path: Assets/Standard Assets/ParticleSystems/Prefabs/Fireworks.prefab
  artifactKey: Guid(180149b1a35449044a27b451e816d2de) Importer(815301076,1909f56bfc062723c751e8b465ee728b)
Start importing Assets/Standard Assets/ParticleSystems/Prefabs/Fireworks.prefab using Guid(180149b1a35449044a27b451e816d2de) Importer(815301076,1909f56bfc062723c751e8b465ee728b)  -> (artifact id: 'bffc7b7e8f92101284505d91e197a015') in 0.036106 seconds 
========================================================================
Received Import Request.
  Time since last request: 0.000076 seconds.
  path: Assets/Standard Assets/ParticleSystems/Prefabs/FireComplex.prefab
  artifactKey: Guid(bf495eacf58e31146ab012aa89ac68da) Importer(815301076,1909f56bfc062723c751e8b465ee728b)
Start importing Assets/Standard Assets/ParticleSystems/Prefabs/FireComplex.prefab using Guid(bf495eacf58e31146ab012aa89ac68da) Importer(815301076,1909f56bfc062723c751e8b465ee728b)  -> (artifact id: '2ece1a20193bae70870232bcf1d5587f') in 0.130061 seconds 
========================================================================
Received Import Request.
  Time since last request: 2.044173 seconds.
  path: Assets/Standard Assets/ParticleSystems/Textures/ParticleCloudBlack.png
  artifactKey: Guid(830884c18cf5e7a4895ee02c2dcd8e12) Importer(815301076,1909f56bfc062723c751e8b465ee728b)
Start importing Assets/Standard Assets/ParticleSystems/Textures/ParticleCloudBlack.png using Guid(830884c18cf5e7a4895ee02c2dcd8e12) Importer(815301076,1909f56bfc062723c751e8b465ee728b)  -> (artifact id: '00c3eaf781a4ea1955457577ba16faa5') in 0.013143 seconds 
========================================================================
Received Import Request.
  Time since last request: 0.000038 seconds.
  path: Assets/Standard Assets/ParticleSystems/Textures/ParticleFireballSheet.png
  artifactKey: Guid(87be4190eae46cf459ae6177b8698f03) Importer(815301076,1909f56bfc062723c751e8b465ee728b)
Start importing Assets/Standard Assets/ParticleSystems/Textures/ParticleFireballSheet.png using Guid(87be4190eae46cf459ae6177b8698f03) Importer(815301076,1909f56bfc062723c751e8b465ee728b)  -> (artifact id: '71b2ccac2866e2d1ca7993f0b56bffb9') in 0.017812 seconds 
========================================================================
Received Import Request.
  Time since last request: 0.000061 seconds.
  path: Assets/Standard Assets/ParticleSystems/Textures/ParticleFirecloud.png
  artifactKey: Guid(c3d66a8056f9db345b1ea380aa7e815d) Importer(815301076,1909f56bfc062723c751e8b465ee728b)
Start importing Assets/Standard Assets/ParticleSystems/Textures/ParticleFirecloud.png using Guid(c3d66a8056f9db345b1ea380aa7e815d) Importer(815301076,1909f56bfc062723c751e8b465ee728b)  -> (artifact id: '7bf89f514b62ec163cc9bd226ce6c2b3') in 0.017362 seconds 
========================================================================
Received Import Request.
  Time since last request: 0.000024 seconds.
  path: Assets/Standard Assets/ParticleSystems/Textures/ParticleFlamesSheet.png
  artifactKey: Guid(4e505ad81f5b19c4cb6f445d36463955) Importer(815301076,1909f56bfc062723c751e8b465ee728b)
Start importing Assets/Standard Assets/ParticleSystems/Textures/ParticleFlamesSheet.png using Guid(4e505ad81f5b19c4cb6f445d36463955) Importer(815301076,1909f56bfc062723c751e8b465ee728b)  -> (artifact id: 'f37b613bb4cf421b2b5b725abf6ac5dd') in 0.016678 seconds 
========================================================================
Received Import Request.
  Time since last request: 12.695475 seconds.
  path: Assets/Standard Assets/Environment/Water (Basic)/Textures/WaterBasicNighttimeGradient.psd
  artifactKey: Guid(8403d3349d112ba4d000be1be39e7c39) Importer(815301076,1909f56bfc062723c751e8b465ee728b)
Start importing Assets/Standard Assets/Environment/Water (Basic)/Textures/WaterBasicNighttimeGradient.psd using Guid(8403d3349d112ba4d000be1be39e7c39) Importer(815301076,1909f56bfc062723c751e8b465ee728b)  -> (artifact id: '295afa94644d58e0206ad8c34c413c6a') in 0.017109 seconds 
========================================================================
Received Import Request.
  Time since last request: 1.074383 seconds.
  path: Assets/Standard Assets/Environment/Water (Basic)/Materials/WaterBasicNighttime.mat
  artifactKey: Guid(c55afdc4a8a3b4890b07cc7d176510bb) Importer(815301076,1909f56bfc062723c751e8b465ee728b)
Start importing Assets/Standard Assets/Environment/Water (Basic)/Materials/WaterBasicNighttime.mat using Guid(c55afdc4a8a3b4890b07cc7d176510bb) Importer(815301076,1909f56bfc062723c751e8b465ee728b)  -> (artifact id: '87abdda944001ead9986a5704ee9279f') in 0.016762 seconds 
Editor requested this worker to shutdown with reason: Scaling down because of idle timeout
AssetImportWorker is now disconnected from the server
Process exiting
Exiting without the bug reporter. Application will terminate with return code 0